Using pre-set license
Built from '2020.3/release' branch; Version is '2020.3.44f1 (7f159b6136da) revision 8328603'; Using compiler version '192528614'; Build Type 'Release'
OS: 'Windows 10  (10.0.19045) 64bit ProfessionalWorkstation' Language: 'en' Physical Memory: 32627 MB
BatchMode: 1, IsHumanControllingUs: 0, StartBugReporterOnCrash: 0, Is64bit: 1, IsPro: 0

COMMAND LINE ARGUMENTS:
C:\Program Files\Unity\Hub\Editor\2020.3.44f1\Editor\Unity.exe
-adb2
-batchMode
-noUpm
-name
AssetImportWorker0
-projectPath
C:/Users/JC/Downloads/EEG/ns0601_project_files_r01/ThinkGearAppNote
-logFile
Logs/AssetImportWorker0.log
-srvPort
54749
Successfully changed project path to: C:/Users/JC/Downloads/EEG/ns0601_project_files_r01/ThinkGearAppNote
C:/Users/JC/Downloads/EEG/ns0601_project_files_r01/ThinkGearAppNote
Using Asset Import Pipeline V2.
Player connection [3396] Host "[IP] 192.168.100.4 [Port] 3221440608 [Flags] 2 [Guid] 1856769803 [EditorId] 1856769803 [Version] 1048832 [Id] WindowsEditor(7,DESKTOP-66BS8VV) [Debug] 1 [PackageName] WindowsEditor [ProjectName] Editor" joined multi-casting on [225.0.0.222:54997]...

Player connection [3396] Host "[IP] 192.168.100.4 [Port] 3221440608 [Flags] 2 [Guid] 1856769803 [EditorId] 1856769803 [Version] 1048832 [Id] WindowsEditor(7,DESKTOP-66BS8VV) [Debug] 1 [PackageName] WindowsEditor [ProjectName] Editor" joined alternative multi-casting on [225.0.0.222:34997]...

Refreshing native plugins compatible for Editor in 54.87 ms, found 8 plugins.
Preloading 0 native plugins for Editor in 0.00 ms.
Initialize engine version: 2020.3.44f1 (7f159b6136da)
[Subsystems] Discovering subsystems at path C:/Program Files/Unity/Hub/Editor/2020.3.44f1/Editor/Data/Resources/UnitySubsystems
[Subsystems] Discovering subsystems at path C:/Users/JC/Downloads/EEG/ns0601_project_files_r01/ThinkGearAppNote/Assets
GfxDevice: creating device client; threaded=0
Direct3D:
    Version:  Direct3D 11.0 [level 11.1]
    Renderer: NVIDIA GeForce GTX 1050 (ID=0x1c8d)
    Vendor:   
    VRAM:     4018 MB
    Driver:   31.0.15.3699
Initialize mono
Mono path[0] = 'C:/Program Files/Unity/Hub/Editor/2020.3.44f1/Editor/Data/Managed'
Mono path[1] = 'C:/Program Files/Unity/Hub/Editor/2020.3.44f1/Editor/Data/MonoBleedingEdge/lib/mono/unityjit'
Mono config path = 'C:/Program Files/Unity/Hub/Editor/2020.3.44f1/Editor/Data/MonoBleedingEdge/etc'
Using monoOptions --debugger-agent=transport=dt_socket,embedding=1,server=y,suspend=n,address=127.0.0.1:56196
Begin MonoManager ReloadAssembly
Registering precompiled unity dll's ...
Register platform support module: C:/Program Files/Unity/Hub/Editor/2020.3.44f1/Editor/Data/PlaybackEngines/WebGLSupport/UnityEditor.WebGL.Extensions.dll
Register platform support module: C:/Program Files/Unity/Hub/Editor/2020.3.44f1/Editor/Data/PlaybackEngines/WindowsStandaloneSupport/UnityEditor.WindowsStandalone.Extensions.dll
Register platform support module: C:/Program Files/Unity/Hub/Editor/2020.3.44f1/Editor/Data/PlaybackEngines/LinuxStandaloneSupport/UnityEditor.LinuxStandalone.Extensions.dll
Registered in 0.002649 seconds.
Native extension for LinuxStandalone target not found
Native extension for WindowsStandalone target not found
Native extension for WebGL target not found
Refreshing native plugins compatible for Editor in 35.03 ms, found 8 plugins.
Preloading 0 native plugins for Editor in 0.00 ms.
Mono: successfully reloaded assembly
- Completed reload, in  0.615 seconds
Domain Reload Profiling:
	ReloadAssembly (615ms)
		BeginReloadAssembly (66ms)
			ExecutionOrderSort (0ms)
			DisableScriptedObjects (0ms)
			BackupInstance (0ms)
			ReleaseScriptingObjects (0ms)
			CreateAndSetChildDomain (1ms)
		EndReloadAssembly (464ms)
			LoadAssemblies (64ms)
			RebuildTransferFunctionScriptingTraits (0ms)
			SetupTypeCache (159ms)
			ReleaseScriptCaches (0ms)
			RebuildScriptCaches (34ms)
			SetupLoadedEditorAssemblies (171ms)
				LogAssemblyErrors (0ms)
				InitializePlatformSupportModulesInManaged (7ms)
				SetLoadedEditorAssemblies (0ms)
				RefreshPlugins (35ms)
				BeforeProcessingInitializeOnLoad (14ms)
				ProcessInitializeOnLoadAttributes (86ms)
				ProcessInitializeOnLoadMethodAttributes (28ms)
				AfterProcessingInitializeOnLoad (0ms)
				EditorAssembliesLoaded (0ms)
			ExecutionOrderSort2 (0ms)
			AwakeInstancesAfterBackupRestoration (0ms)
Platform modules already initialized, skipping
Registering precompiled user dll's ...
Registered in 0.003734 seconds.
Begin MonoManager ReloadAssembly
Native extension for LinuxStandalone target not found
Native extension for WindowsStandalone target not found
Native extension for WebGL target not found
Refreshing native plugins compatible for Editor in 0.53 ms, found 8 plugins.
Preloading 0 native plugins for Editor in 0.00 ms.
Mono: successfully reloaded assembly
- Completed reload, in  1.038 seconds
Domain Reload Profiling:
	ReloadAssembly (1039ms)
		BeginReloadAssembly (147ms)
			ExecutionOrderSort (0ms)
			DisableScriptedObjects (5ms)
			BackupInstance (0ms)
			ReleaseScriptingObjects (0ms)
			CreateAndSetChildDomain (19ms)
		EndReloadAssembly (828ms)
			LoadAssemblies (101ms)
			RebuildTransferFunctionScriptingTraits (0ms)
			SetupTypeCache (283ms)
			ReleaseScriptCaches (0ms)
			RebuildScriptCaches (44ms)
			SetupLoadedEditorAssemblies (323ms)
				LogAssemblyErrors (0ms)
				InitializePlatformSupportModulesInManaged (6ms)
				SetLoadedEditorAssemblies (0ms)
				RefreshPlugins (1ms)
				BeforeProcessingInitializeOnLoad (89ms)
				ProcessInitializeOnLoadAttributes (206ms)
				ProcessInitializeOnLoadMethodAttributes (14ms)
				AfterProcessingInitializeOnLoad (6ms)
				EditorAssembliesLoaded (0ms)
			ExecutionOrderSort2 (0ms)
			AwakeInstancesAfterBackupRestoration (2ms)
Platform modules already initialized, skipping
========================================================================
Worker process is ready to serve import requests
Launched and connected shader compiler UnityShaderCompiler.exe after 0.05 seconds
Refreshing native plugins compatible for Editor in 0.53 ms, found 8 plugins.
Preloading 0 native plugins for Editor in 0.00 ms.
Unloading 1526 Unused Serialized files (Serialized files now loaded: 0)
System memory in use before: 69.0 MB.
System memory in use after: 69.0 MB.

Unloading 40 unused Assets to reduce memory usage. Loaded Objects now: 1940.
Total: 3.391300 ms (FindLiveObjects: 0.169600 ms CreateObjectMapping: 0.061800 ms MarkObjects: 3.073700 ms  DeleteObjects: 0.085200 ms)

AssetImportParameters requested are different than current active one (requested -> active):
  custom:framework-win-MediaFoundation: 216162199b28c13a410421893ffa2e32 -> 
  custom:video-decoder-ogg-theora: a1e56fd34408186e4bbccfd4996cb3dc -> 
  custom:container-muxer-webm: aa71ff27fc2769a1b78a27578f13a17b -> 
  custom:container-demuxer-webm: 4f35f7cbe854078d1ac9338744f61a02 -> 
  custom:container-demuxer-ogg: 62fdf1f143b41e24485cea50d1cbac27 -> 
  custom:video-encoder-webm-vp8: eb34c28f22e8b96e1ab97ce403110664 -> 
  custom:video-codec-MediaFoundation-h265: 746d11721c4dcdbdad8f713fa42b33f4 -> 
  custom:video-decoder-webm-vp8: 9c59270c3fd7afecdb556c50c9e8de78 -> 
  custom:audio-decoder-ogg-vorbis: bf7c407c2cedff20999df2af8eb42d56 -> 
  custom:audio-encoder-webm-vorbis: bf7c407c2cedff20999df2af8eb42d56 -> 
========================================================================
Received Import Request.
  path: Assets/OldPlugins
  artifactKey: Guid(2538a5905f633a247a0d987cb2d239ae) Importer(815301076,1909f56bfc062723c751e8b465ee728b)
Start importing Assets/OldPlugins using Guid(2538a5905f633a247a0d987cb2d239ae) Importer(815301076,1909f56bfc062723c751e8b465ee728b)  -> (artifact id: '75c009f25106af179913d2938e19288b') in 0.011253 seconds 
========================================================================
Received Import Request.
  Time since last request: 1.236925 seconds.
  path: Assets/OldPlugins/ThinkGear.bundle
  artifactKey: Guid(e5aa98bf5d8dd20448f10825eca00704) Importer(815301076,1909f56bfc062723c751e8b465ee728b)
Start importing Assets/OldPlugins/ThinkGear.bundle using Guid(e5aa98bf5d8dd20448f10825eca00704) Importer(815301076,1909f56bfc062723c751e8b465ee728b)  -> (artifact id: '4d97a37e6a795d4dc7bb0bac68acdf5a') in 0.041144 seconds 
========================================================================
Received Import Request.
  Time since last request: 2.303652 seconds.
  path: Assets/OldPlugins/ThinkGear.bundle/Contents
  artifactKey: Guid(8e2053bb27eda04498c2315c13888590) Importer(815301076,1909f56bfc062723c751e8b465ee728b)
Start importing Assets/OldPlugins/ThinkGear.bundle/Contents using Guid(8e2053bb27eda04498c2315c13888590) Importer(815301076,1909f56bfc062723c751e8b465ee728b)  -> (artifact id: '67c6b93713059a777070b13589613505') in 0.009052 seconds 
========================================================================
Received Import Request.
  Time since last request: 5.209732 seconds.
  path: Assets/OldPlugins/OldThinkgear
  artifactKey: Guid(933c858b48b6cc442b4b0e155493f9eb) Importer(815301076,1909f56bfc062723c751e8b465ee728b)
Start importing Assets/OldPlugins/OldThinkgear using Guid(933c858b48b6cc442b4b0e155493f9eb) Importer(815301076,1909f56bfc062723c751e8b465ee728b)  -> (artifact id: '273aceaedb14e7a7295600f80af16e84') in 0.011791 seconds 
========================================================================
Received Import Request.
  Time since last request: 4.794703 seconds.
  path: Assets/OldPlugins/OldThinkgear/Algo SDK Sample.cpp
  artifactKey: Guid(d1383dd591d2e214f8be2e4dc946bf08) Importer(815301076,1909f56bfc062723c751e8b465ee728b)
Start importing Assets/OldPlugins/OldThinkgear/Algo SDK Sample.cpp using Guid(d1383dd591d2e214f8be2e4dc946bf08) Importer(815301076,1909f56bfc062723c751e8b465ee728b)  -> (artifact id: 'ebe795e74d266aaef97a78ec539da857') in 0.021562 seconds 
========================================================================
Received Import Request.
  Time since last request: 22.534281 seconds.
  path: Assets/OldPlugins/ThinkGearController.cs
  artifactKey: Guid(c39d569bc53c9d348ad168e07afcee9e) Importer(815301076,1909f56bfc062723c751e8b465ee728b)
Start importing Assets/OldPlugins/ThinkGearController.cs using Guid(c39d569bc53c9d348ad168e07afcee9e) Importer(815301076,1909f56bfc062723c751e8b465ee728b)  -> (artifact id: '9368dd03387b0890fd80cd613150cef2') in 0.011855 seconds 
========================================================================
Received Import Request.
  Time since last request: 2.064087 seconds.
  path: Assets/OldPlugins/ThinkGear.cs
  artifactKey: Guid(c1106fd8c00c10a479fa9fb412334edf) Importer(815301076,1909f56bfc062723c751e8b465ee728b)
Start importing Assets/OldPlugins/ThinkGear.cs using Guid(c1106fd8c00c10a479fa9fb412334edf) Importer(815301076,1909f56bfc062723c751e8b465ee728b)  -> (artifact id: '3840b00719f0d1363344942d6842b422') in 0.008949 seconds 
========================================================================
Received Import Request.
  Time since last request: 1.305383 seconds.
  path: Assets/OldPlugins/UnityThinkGear.cs
  artifactKey: Guid(9201f0ff8cfbf5d4880f17e920a33e00) Importer(815301076,1909f56bfc062723c751e8b465ee728b)
Start importing Assets/OldPlugins/UnityThinkGear.cs using Guid(9201f0ff8cfbf5d4880f17e920a33e00) Importer(815301076,1909f56bfc062723c751e8b465ee728b)  -> (artifact id: '5ff5d61baa9668dced4562748cf448b9') in 0.009110 seconds 
AssetImportWorkerClient::OnTransportError - code=2 error=End of file
